13:32:22 **** Incremental Build of configuration Debug for project hps_application ****
make all 
'Building file: ../fpgamem.c'
'Invoking: GCC C Compiler'
arm-linux-gnueabihf-gcc -I"D:\altera\14.0\embedded\ip\altera\hps\altera_hps\hwlib\include" -O0 -g3 -Wall -c -fmessage-length=0 -MMD -MP -MF"fpgamem.d" -MT"fpgamem.d" -o "fpgamem.o" "../fpgamem.c"
../fpgamem.c: In function 'fpga_mem_write':
../fpgamem.c:80:9: warning: implicit declaration of function 'gettimeofday' [-Wimplicit-function-declaration]
         gettimeofday(&tv, &tz);
         ^
../fpgamem.c:261:9: warning: implicit declaration of function 'write_ablk' [-Wimplicit-function-declaration]
         write_ablk(virtual_base,64,3);
         ^
../fpgamem.c:296:15: warning: implicit declaration of function 'read_ablk' [-Wimplicit-function-declaration]
               z = read_ablk(virtual_base,20);
               ^
../fpgamem.c:140:13: warning: unused variable 'readarray' [-Wunused-variable]
         int readarray[MEANS_MATRIX_SIZE];
             ^
../fpgamem.c:84:18: warning: variable 'testarr' set but not used [-Wunused-but-set-variable]
         uint32_t testarr[512];
                  ^
../fpgamem.c:79:21: warning: variable 'tm_s' set but not used [-Wunused-but-set-variable]
         struct  tm *tm_s = malloc(sizeof (struct tm));
                     ^
../fpgamem.c:45:20: warning: unused variable 'IP_OFFSET' [-Wunused-variable]
     const uint32_t IP_OFFSET    = (REGRESSION_OFFSET + 0x00200000);
                    ^
../fpgamem.c:44:20: warning: unused variable 'CLASS_OFFSET' [-Wunused-variable]
     const uint32_t CLASS_OFFSET             = (REGRESSION_OFFSET + 0x00100000);
                    ^
../fpgamem.c:43:20: warning: unused variable 'STANDARDS_OFFSET' [-Wunused-variable]
     const uint32_t STANDARDS_OFFSET         = (REGRESSION_OFFSET + 0x00004000);
                    ^
../fpgamem.c:42:20: warning: unused variable 'MEANS_OFFSET' [-Wunused-variable]
     const uint32_t MEANS_OFFSET             = (REGRESSION_OFFSET + 0x00002000);
                    ^
../fpgamem.c:41:20: warning: unused variable 'ENABLE_OFFSET' [-Wunused-variable]
     const uint32_t ENABLE_OFFSET            = REGRESSION_OFFSET;
                    ^
../fpgamem.c:39:20: warning: unused variable 'FPGA_BASE' [-Wunused-variable]
     const uint32_t FPGA_BASE                = 0xC0000000; //fullweight bridge
                    ^
../fpgamem.c:36:20: warning: unused variable 'FPGA_SYSID_OFFSET' [-Wunused-variable]
     const uint32_t FPGA_SYSID_OFFSET        = 0x00010000;
                    ^
../fpgamem.c:33:26: warning: unused variable 'virt_addr' [-Wunused-variable]
  void *map_base = NULL, *virt_addr = NULL;
                          ^
../fpgamem.c:33:8: warning: unused variable 'map_base' [-Wunused-variable]
  void *map_base = NULL, *virt_addr = NULL;
        ^
../fpgamem.c:30:6: warning: unused variable 'rdidx' [-Wunused-variable]
  int rdidx = 0;
      ^
../fpgamem.c:29:6: warning: unused variable 'wridx' [-Wunused-variable]
  int wridx = 0;
      ^
../fpgamem.c:26:14: warning: unused variable 'theTime' [-Wunused-variable]
         char theTime[256];
              ^
../fpgamem.c: In function 'fpga_mem_read':
../fpgamem.c:357:9: warning: unused variable 'calc_done' [-Wunused-variable]
     int calc_done;
         ^
../fpgamem.c:348:20: warning: unused variable 'INNER_PRODUCT_OFFSET' [-Wunused-variable]
     const uint32_t INNER_PRODUCT_OFFSET     = (REGRESSION_OFFSET + 0x00200000);
                    ^
../fpgamem.c:347:20: warning: unused variable 'CALC_COMPLETE' [-Wunused-variable]
     const uint32_t CALC_COMPLETE            = (REGRESSION_OFFSET + 0x00000008); // write a 1 to this address to clear the interrupt
                    ^
../fpgamem.c:346:20: warning: unused variable 'ENABLE_CALC' [-Wunused-variable]
     const uint32_t ENABLE_CALC              = (REGRESSION_OFFSET + 0x00000004); // write a 1 to turn on interrupts
                    ^
../fpgamem.c: At top level:
../fpgamem.c:394:6: warning: conflicting types for 'write_ablk' [enabled by default]
 void write_ablk ( void *virtual_base ,  int addr, int data) {
      ^
../fpgamem.c:261:9: note: previous implicit declaration of 'write_ablk' was here
         write_ablk(virtual_base,64,3);
         ^
../fpgamem.c: In function 'fpga_mem_write':
../fpgamem.c:294:14: warning: 'fc' may be used uninitialized in this function [-Wmaybe-uninitialized]
             z=fc;
              ^
'Finished building: ../fpgamem.c'
' '
'Building target: hps_application'
'Invoking: GCC C Linker'
arm-linux-gnueabihf-gcc  -o "hps_application"  ./client.o ./fixed_point.o ./fpgamem.o ./handler_funcs.o ./logger.o ./main.o ./server.o   -lm
'Finished building target: hps_application'
' '
